============================================================
   Tang Dynasty, V4.0.972
   Copyright:   Shanghai Anlogic Infotech Co., Ltd.
                2011 - 2021
   Executable = D:/TD/TD_new/bin/td.exe
   Built at =   11:31:39 Jan  8 2018
   Run by =     DELL
   Run Date =   Tue Jan 16 15:58:37 2018

   Run on =     DELL-PC
============================================================
VLG-002 : analyze verilog file C:/Users/DELL/Desktop/e203/e203egmini_new/src/e203_biu.v
VLG-340 : analyze included file C:/Users/DELL/Desktop/e203/e203egmini_new/src/e203_defines.v in C:/Users/DELL/Desktop/e203/e203egmini_new/src/e203_biu.v(34)
VLG-340 : analyze included file C:/Users/DELL/Desktop/e203/e203egmini_new/src/config.v in C:/Users/DELL/Desktop/e203/e203egmini_new/src/e203_defines.v(35)
VLG-1332 : back to file C:/Users/DELL/Desktop/e203/e203egmini_new/src/e203_defines.v in C:/Users/DELL/Desktop/e203/e203egmini_new/src/e203_defines.v(35)
VLG-1332 : back to file C:/Users/DELL/Desktop/e203/e203egmini_new/src/e203_biu.v in C:/Users/DELL/Desktop/e203/e203egmini_new/src/e203_biu.v(34)
VLG-002 : analyze verilog file C:/Users/DELL/Desktop/e203/e203egmini_new/src/e203_clk_ctrl.v
VLG-340 : analyze included file C:/Users/DELL/Desktop/e203/e203egmini_new/src/e203_defines.v in C:/Users/DELL/Desktop/e203/e203egmini_new/src/e203_clk_ctrl.v(35)
VLG-340 : analyze included file C:/Users/DELL/Desktop/e203/e203egmini_new/src/config.v in C:/Users/DELL/Desktop/e203/e203egmini_new/src/e203_defines.v(35)
VLG-1332 : back to file C:/Users/DELL/Desktop/e203/e203egmini_new/src/e203_defines.v in C:/Users/DELL/Desktop/e203/e203egmini_new/src/e203_defines.v(35)
VLG-1332 : back to file C:/Users/DELL/Desktop/e203/e203egmini_new/src/e203_clk_ctrl.v in C:/Users/DELL/Desktop/e203/e203egmini_new/src/e203_clk_ctrl.v(35)
VLG-002 : analyze verilog file C:/Users/DELL/Desktop/e203/e203egmini_new/src/e203_clkgate.v
VLG-340 : analyze included file C:/Users/DELL/Desktop/e203/e203egmini_new/src/e203_defines.v in C:/Users/DELL/Desktop/e203/e203egmini_new/src/e203_clkgate.v(33)
VLG-340 : analyze included file C:/Users/DELL/Desktop/e203/e203egmini_new/src/config.v in C:/Users/DELL/Desktop/e203/e203egmini_new/src/e203_defines.v(35)
VLG-1332 : back to file C:/Users/DELL/Desktop/e203/e203egmini_new/src/e203_defines.v in C:/Users/DELL/Desktop/e203/e203egmini_new/src/e203_defines.v(35)
VLG-1332 : back to file C:/Users/DELL/Desktop/e203/e203egmini_new/src/e203_clkgate.v in C:/Users/DELL/Desktop/e203/e203egmini_new/src/e203_clkgate.v(33)
VLG-002 : analyze verilog file C:/Users/DELL/Desktop/e203/e203egmini_new/src/e203_core.v
VLG-340 : analyze included file C:/Users/DELL/Desktop/e203/e203egmini_new/src/e203_defines.v in C:/Users/DELL/Desktop/e203/e203egmini_new/src/e203_core.v(35)
VLG-340 : analyze included file C:/Users/DELL/Desktop/e203/e203egmini_new/src/config.v in C:/Users/DELL/Desktop/e203/e203egmini_new/src/e203_defines.v(35)
VLG-1332 : back to file C:/Users/DELL/Desktop/e203/e203egmini_new/src/e203_defines.v in C:/Users/DELL/Desktop/e203/e203egmini_new/src/e203_defines.v(35)
VLG-1332 : back to file C:/Users/DELL/Desktop/e203/e203egmini_new/src/e203_core.v in C:/Users/DELL/Desktop/e203/e203egmini_new/src/e203_core.v(35)
VLG-002 : analyze verilog file C:/Users/DELL/Desktop/e203/e203egmini_new/src/e203_cpu.v
VLG-340 : analyze included file C:/Users/DELL/Desktop/e203/e203egmini_new/src/e203_defines.v in C:/Users/DELL/Desktop/e203/e203egmini_new/src/e203_cpu.v(35)
VLG-340 : analyze included file C:/Users/DELL/Desktop/e203/e203egmini_new/src/config.v in C:/Users/DELL/Desktop/e203/e203egmini_new/src/e203_defines.v(35)
VLG-1332 : back to file C:/Users/DELL/Desktop/e203/e203egmini_new/src/e203_defines.v in C:/Users/DELL/Desktop/e203/e203egmini_new/src/e203_defines.v(35)
VLG-1332 : back to file C:/Users/DELL/Desktop/e203/e203egmini_new/src/e203_cpu.v in C:/Users/DELL/Desktop/e203/e203egmini_new/src/e203_cpu.v(35)
VLG-002 : analyze verilog file C:/Users/DELL/Desktop/e203/e203egmini_new/src/e203_cpu_top.v
VLG-340 : analyze included file C:/Users/DELL/Desktop/e203/e203egmini_new/src/e203_defines.v in C:/Users/DELL/Desktop/e203/e203egmini_new/src/e203_cpu_top.v(35)
VLG-340 : analyze included file C:/Users/DELL/Desktop/e203/e203egmini_new/src/config.v in C:/Users/DELL/Desktop/e203/e203egmini_new/src/e203_defines.v(35)
VLG-1332 : back to file C:/Users/DELL/Desktop/e203/e203egmini_new/src/e203_defines.v in C:/Users/DELL/Desktop/e203/e203egmini_new/src/e203_defines.v(35)
VLG-1332 : back to file C:/Users/DELL/Desktop/e203/e203egmini_new/src/e203_cpu_top.v in C:/Users/DELL/Desktop/e203/e203egmini_new/src/e203_cpu_top.v(35)
VLG-002 : analyze verilog file C:/Users/DELL/Desktop/e203/e203egmini_new/src/e203_dtcm_ctrl.v
VLG-340 : analyze included file C:/Users/DELL/Desktop/e203/e203egmini_new/src/e203_defines.v in C:/Users/DELL/Desktop/e203/e203egmini_new/src/e203_dtcm_ctrl.v(34)
VLG-340 : analyze included file C:/Users/DELL/Desktop/e203/e203egmini_new/src/config.v in C:/Users/DELL/Desktop/e203/e203egmini_new/src/e203_defines.v(35)
VLG-1332 : back to file C:/Users/DELL/Desktop/e203/e203egmini_new/src/e203_defines.v in C:/Users/DELL/Desktop/e203/e203egmini_new/src/e203_defines.v(35)
VLG-1332 : back to file C:/Users/DELL/Desktop/e203/e203egmini_new/src/e203_dtcm_ctrl.v in C:/Users/DELL/Desktop/e203/e203egmini_new/src/e203_dtcm_ctrl.v(34)
VLG-002 : analyze verilog file C:/Users/DELL/Desktop/e203/e203egmini_new/src/e203_dtcm_ram.v
VLG-340 : analyze included file C:/Users/DELL/Desktop/e203/e203egmini_new/src/e203_defines.v in C:/Users/DELL/Desktop/e203/e203egmini_new/src/e203_dtcm_ram.v(34)
VLG-340 : analyze included file C:/Users/DELL/Desktop/e203/e203egmini_new/src/config.v in C:/Users/DELL/Desktop/e203/e203egmini_new/src/e203_defines.v(35)
VLG-1332 : back to file C:/Users/DELL/Desktop/e203/e203egmini_new/src/e203_defines.v in C:/Users/DELL/Desktop/e203/e203egmini_new/src/e203_defines.v(35)
VLG-1332 : back to file C:/Users/DELL/Desktop/e203/e203egmini_new/src/e203_dtcm_ram.v in C:/Users/DELL/Desktop/e203/e203egmini_new/src/e203_dtcm_ram.v(34)
VLG-002 : analyze verilog file C:/Users/DELL/Desktop/e203/e203egmini_new/src/e203_extend_csr.v
VLG-340 : analyze included file C:/Users/DELL/Desktop/e203/e203egmini_new/src/e203_defines.v in C:/Users/DELL/Desktop/e203/e203egmini_new/src/e203_extend_csr.v(36)
VLG-340 : analyze included file C:/Users/DELL/Desktop/e203/e203egmini_new/src/config.v in C:/Users/DELL/Desktop/e203/e203egmini_new/src/e203_defines.v(35)
VLG-1332 : back to file C:/Users/DELL/Desktop/e203/e203egmini_new/src/e203_defines.v in C:/Users/DELL/Desktop/e203/e203egmini_new/src/e203_defines.v(35)
VLG-1332 : back to file C:/Users/DELL/Desktop/e203/e203egmini_new/src/e203_extend_csr.v in C:/Users/DELL/Desktop/e203/e203egmini_new/src/e203_extend_csr.v(36)
VLG-002 : analyze verilog file C:/Users/DELL/Desktop/e203/e203egmini_new/src/e203_exu.v
VLG-340 : analyze included file C:/Users/DELL/Desktop/e203/e203egmini_new/src/e203_defines.v in C:/Users/DELL/Desktop/e203/e203egmini_new/src/e203_exu.v(34)
VLG-340 : analyze included file C:/Users/DELL/Desktop/e203/e203egmini_new/src/config.v in C:/Users/DELL/Desktop/e203/e203egmini_new/src/e203_defines.v(35)
VLG-1332 : back to file C:/Users/DELL/Desktop/e203/e203egmini_new/src/e203_defines.v in C:/Users/DELL/Desktop/e203/e203egmini_new/src/e203_defines.v(35)
VLG-1332 : back to file C:/Users/DELL/Desktop/e203/e203egmini_new/src/e203_exu.v in C:/Users/DELL/Desktop/e203/e203egmini_new/src/e203_exu.v(34)
VLG-002 : analyze verilog file C:/Users/DELL/Desktop/e203/e203egmini_new/src/e203_exu_alu.v
VLG-340 : analyze included file C:/Users/DELL/Desktop/e203/e203egmini_new/src/e203_defines.v in C:/Users/DELL/Desktop/e203/e203egmini_new/src/e203_exu_alu.v(37)
VLG-340 : analyze included file C:/Users/DELL/Desktop/e203/e203egmini_new/src/config.v in C:/Users/DELL/Desktop/e203/e203egmini_new/src/e203_defines.v(35)
VLG-1332 : back to file C:/Users/DELL/Desktop/e203/e203egmini_new/src/e203_defines.v in C:/Users/DELL/Desktop/e203/e203egmini_new/src/e203_defines.v(35)
VLG-1332 : back to file C:/Users/DELL/Desktop/e203/e203egmini_new/src/e203_exu_alu.v in C:/Users/DELL/Desktop/e203/e203egmini_new/src/e203_exu_alu.v(37)
VLG-002 : analyze verilog file C:/Users/DELL/Desktop/e203/e203egmini_new/src/e203_exu_alu_bjp.v
VLG-340 : analyze included file C:/Users/DELL/Desktop/e203/e203egmini_new/src/e203_defines.v in C:/Users/DELL/Desktop/e203/e203egmini_new/src/e203_exu_alu_bjp.v(37)
VLG-340 : analyze included file C:/Users/DELL/Desktop/e203/e203egmini_new/src/config.v in C:/Users/DELL/Desktop/e203/e203egmini_new/src/e203_defines.v(35)
VLG-1332 : back to file C:/Users/DELL/Desktop/e203/e203egmini_new/src/e203_defines.v in C:/Users/DELL/Desktop/e203/e203egmini_new/src/e203_defines.v(35)
VLG-1332 : back to file C:/Users/DELL/Desktop/e203/e203egmini_new/src/e203_exu_alu_bjp.v in C:/Users/DELL/Desktop/e203/e203egmini_new/src/e203_exu_alu_bjp.v(37)
VLG-002 : analyze verilog file C:/Users/DELL/Desktop/e203/e203egmini_new/src/e203_exu_alu_csrctrl.v
VLG-340 : analyze included file C:/Users/DELL/Desktop/e203/e203egmini_new/src/e203_defines.v in C:/Users/DELL/Desktop/e203/e203egmini_new/src/e203_exu_alu_csrctrl.v(34)
VLG-340 : analyze included file C:/Users/DELL/Desktop/e203/e203egmini_new/src/config.v in C:/Users/DELL/Desktop/e203/e203egmini_new/src/e203_defines.v(35)
VLG-1332 : back to file C:/Users/DELL/Desktop/e203/e203egmini_new/src/e203_defines.v in C:/Users/DELL/Desktop/e203/e203egmini_new/src/e203_defines.v(35)
VLG-1332 : back to file C:/Users/DELL/Desktop/e203/e203egmini_new/src/e203_exu_alu_csrctrl.v in C:/Users/DELL/Desktop/e203/e203egmini_new/src/e203_exu_alu_csrctrl.v(34)
VLG-002 : analyze verilog file C:/Users/DELL/Desktop/e203/e203egmini_new/src/e203_exu_alu_dpath.v
VLG-340 : analyze included file C:/Users/DELL/Desktop/e203/e203egmini_new/src/e203_defines.v in C:/Users/DELL/Desktop/e203/e203egmini_new/src/e203_exu_alu_dpath.v(34)
VLG-340 : analyze included file C:/Users/DELL/Desktop/e203/e203egmini_new/src/config.v in C:/Users/DELL/Desktop/e203/e203egmini_new/src/e203_defines.v(35)
VLG-1332 : back to file C:/Users/DELL/Desktop/e203/e203egmini_new/src/e203_defines.v in C:/Users/DELL/Desktop/e203/e203egmini_new/src/e203_defines.v(35)
VLG-1332 : back to file C:/Users/DELL/Desktop/e203/e203egmini_new/src/e203_exu_alu_dpath.v in C:/Users/DELL/Desktop/e203/e203egmini_new/src/e203_exu_alu_dpath.v(34)
VLG-002 : analyze verilog file C:/Users/DELL/Desktop/e203/e203egmini_new/src/e203_exu_alu_lsuagu.v
VLG-340 : analyze included file C:/Users/DELL/Desktop/e203/e203egmini_new/src/e203_defines.v in C:/Users/DELL/Desktop/e203/e203egmini_new/src/e203_exu_alu_lsuagu.v(37)
VLG-340 : analyze included file C:/Users/DELL/Desktop/e203/e203egmini_new/src/config.v in C:/Users/DELL/Desktop/e203/e203egmini_new/src/e203_defines.v(35)
VLG-1332 : back to file C:/Users/DELL/Desktop/e203/e203egmini_new/src/e203_defines.v in C:/Users/DELL/Desktop/e203/e203egmini_new/src/e203_defines.v(35)
VLG-1332 : back to file C:/Users/DELL/Desktop/e203/e203egmini_new/src/e203_exu_alu_lsuagu.v in C:/Users/DELL/Desktop/e203/e203egmini_new/src/e203_exu_alu_lsuagu.v(37)
VLG-002 : analyze verilog file C:/Users/DELL/Desktop/e203/e203egmini_new/src/e203_exu_alu_muldiv.v
VLG-340 : analyze included file C:/Users/DELL/Desktop/e203/e203egmini_new/src/e203_defines.v in C:/Users/DELL/Desktop/e203/e203egmini_new/src/e203_exu_alu_muldiv.v(36)
VLG-340 : analyze included file C:/Users/DELL/Desktop/e203/e203egmini_new/src/config.v in C:/Users/DELL/Desktop/e203/e203egmini_new/src/e203_defines.v(35)
VLG-1332 : back to file C:/Users/DELL/Desktop/e203/e203egmini_new/src/e203_defines.v in C:/Users/DELL/Desktop/e203/e203egmini_new/src/e203_defines.v(35)
VLG-1332 : back to file C:/Users/DELL/Desktop/e203/e203egmini_new/src/e203_exu_alu_muldiv.v in C:/Users/DELL/Desktop/e203/e203egmini_new/src/e203_exu_alu_muldiv.v(36)
VLG-002 : analyze verilog file C:/Users/DELL/Desktop/e203/e203egmini_new/src/e203_exu_alu_rglr.v
VLG-340 : analyze included file C:/Users/DELL/Desktop/e203/e203egmini_new/src/e203_defines.v in C:/Users/DELL/Desktop/e203/e203egmini_new/src/e203_exu_alu_rglr.v(35)
VLG-340 : analyze included file C:/Users/DELL/Desktop/e203/e203egmini_new/src/config.v in C:/Users/DELL/Desktop/e203/e203egmini_new/src/e203_defines.v(35)
VLG-1332 : back to file C:/Users/DELL/Desktop/e203/e203egmini_new/src/e203_defines.v in C:/Users/DELL/Desktop/e203/e203egmini_new/src/e203_defines.v(35)
VLG-1332 : back to file C:/Users/DELL/Desktop/e203/e203egmini_new/src/e203_exu_alu_rglr.v in C:/Users/DELL/Desktop/e203/e203egmini_new/src/e203_exu_alu_rglr.v(35)
VLG-002 : analyze verilog file C:/Users/DELL/Desktop/e203/e203egmini_new/src/e203_exu_branchslv.v
VLG-340 : analyze included file C:/Users/DELL/Desktop/e203/e203egmini_new/src/e203_defines.v in C:/Users/DELL/Desktop/e203/e203egmini_new/src/e203_exu_branchslv.v(34)
VLG-340 : analyze included file C:/Users/DELL/Desktop/e203/e203egmini_new/src/config.v in C:/Users/DELL/Desktop/e203/e203egmini_new/src/e203_defines.v(35)
VLG-1332 : back to file C:/Users/DELL/Desktop/e203/e203egmini_new/src/e203_defines.v in C:/Users/DELL/Desktop/e203/e203egmini_new/src/e203_defines.v(35)
VLG-1332 : back to file C:/Users/DELL/Desktop/e203/e203egmini_new/src/e203_exu_branchslv.v in C:/Users/DELL/Desktop/e203/e203egmini_new/src/e203_exu_branchslv.v(34)
VLG-002 : analyze verilog file C:/Users/DELL/Desktop/e203/e203egmini_new/src/e203_exu_commit.v
VLG-340 : analyze included file C:/Users/DELL/Desktop/e203/e203egmini_new/src/e203_defines.v in C:/Users/DELL/Desktop/e203/e203egmini_new/src/e203_exu_commit.v(36)
VLG-340 : analyze included file C:/Users/DELL/Desktop/e203/e203egmini_new/src/config.v in C:/Users/DELL/Desktop/e203/e203egmini_new/src/e203_defines.v(35)
VLG-1332 : back to file C:/Users/DELL/Desktop/e203/e203egmini_new/src/e203_defines.v in C:/Users/DELL/Desktop/e203/e203egmini_new/src/e203_defines.v(35)
VLG-1332 : back to file C:/Users/DELL/Desktop/e203/e203egmini_new/src/e203_exu_commit.v in C:/Users/DELL/Desktop/e203/e203egmini_new/src/e203_exu_commit.v(36)
VLG-002 : analyze verilog file C:/Users/DELL/Desktop/e203/e203egmini_new/src/e203_exu_csr.v
VLG-340 : analyze included file C:/Users/DELL/Desktop/e203/e203egmini_new/src/e203_defines.v in C:/Users/DELL/Desktop/e203/e203egmini_new/src/e203_exu_csr.v(34)
VLG-340 : analyze included file C:/Users/DELL/Desktop/e203/e203egmini_new/src/config.v in C:/Users/DELL/Desktop/e203/e203egmini_new/src/e203_defines.v(35)
VLG-1332 : back to file C:/Users/DELL/Desktop/e203/e203egmini_new/src/e203_defines.v in C:/Users/DELL/Desktop/e203/e203egmini_new/src/e203_defines.v(35)
VLG-1332 : back to file C:/Users/DELL/Desktop/e203/e203egmini_new/src/e203_exu_csr.v in C:/Users/DELL/Desktop/e203/e203egmini_new/src/e203_exu_csr.v(34)
VLG-002 : analyze verilog file C:/Users/DELL/Desktop/e203/e203egmini_new/src/e203_exu_decode.v
VLG-340 : analyze included file C:/Users/DELL/Desktop/e203/e203egmini_new/src/e203_defines.v in C:/Users/DELL/Desktop/e203/e203egmini_new/src/e203_exu_decode.v(34)
VLG-340 : analyze included file C:/Users/DELL/Desktop/e203/e203egmini_new/src/config.v in C:/Users/DELL/Desktop/e203/e203egmini_new/src/e203_defines.v(35)
VLG-1332 : back to file C:/Users/DELL/Desktop/e203/e203egmini_new/src/e203_defines.v in C:/Users/DELL/Desktop/e203/e203egmini_new/src/e203_defines.v(35)
VLG-1332 : back to file C:/Users/DELL/Desktop/e203/e203egmini_new/src/e203_exu_decode.v in C:/Users/DELL/Desktop/e203/e203egmini_new/src/e203_exu_decode.v(34)
VLG-002 : analyze verilog file C:/Users/DELL/Desktop/e203/e203egmini_new/src/e203_exu_disp.v
VLG-340 : analyze included file C:/Users/DELL/Desktop/e203/e203egmini_new/src/e203_defines.v in C:/Users/DELL/Desktop/e203/e203egmini_new/src/e203_exu_disp.v(34)
VLG-340 : analyze included file C:/Users/DELL/Desktop/e203/e203egmini_new/src/config.v in C:/Users/DELL/Desktop/e203/e203egmini_new/src/e203_defines.v(35)
VLG-1332 : back to file C:/Users/DELL/Desktop/e203/e203egmini_new/src/e203_defines.v in C:/Users/DELL/Desktop/e203/e203egmini_new/src/e203_defines.v(35)
VLG-1332 : back to file C:/Users/DELL/Desktop/e203/e203egmini_new/src/e203_exu_disp.v in C:/Users/DELL/Desktop/e203/e203egmini_new/src/e203_exu_disp.v(34)
VLG-002 : analyze verilog file C:/Users/DELL/Desktop/e203/e203egmini_new/src/e203_exu_excp.v
VLG-340 : analyze included file C:/Users/DELL/Desktop/e203/e203egmini_new/src/e203_defines.v in C:/Users/DELL/Desktop/e203/e203egmini_new/src/e203_exu_excp.v(33)
VLG-340 : analyze included file C:/Users/DELL/Desktop/e203/e203egmini_new/src/config.v in C:/Users/DELL/Desktop/e203/e203egmini_new/src/e203_defines.v(35)
VLG-1332 : back to file C:/Users/DELL/Desktop/e203/e203egmini_new/src/e203_defines.v in C:/Users/DELL/Desktop/e203/e203egmini_new/src/e203_defines.v(35)
VLG-1332 : back to file C:/Users/DELL/Desktop/e203/e203egmini_new/src/e203_exu_excp.v in C:/Users/DELL/Desktop/e203/e203egmini_new/src/e203_exu_excp.v(33)
VLG-002 : analyze verilog file C:/Users/DELL/Desktop/e203/e203egmini_new/src/e203_exu_longpwbck.v
VLG-340 : analyze included file C:/Users/DELL/Desktop/e203/e203egmini_new/src/e203_defines.v in C:/Users/DELL/Desktop/e203/e203egmini_new/src/e203_exu_longpwbck.v(35)
VLG-340 : analyze included file C:/Users/DELL/Desktop/e203/e203egmini_new/src/config.v in C:/Users/DELL/Desktop/e203/e203egmini_new/src/e203_defines.v(35)
VLG-1332 : back to file C:/Users/DELL/Desktop/e203/e203egmini_new/src/e203_defines.v in C:/Users/DELL/Desktop/e203/e203egmini_new/src/e203_defines.v(35)
VLG-1332 : back to file C:/Users/DELL/Desktop/e203/e203egmini_new/src/e203_exu_longpwbck.v in C:/Users/DELL/Desktop/e203/e203egmini_new/src/e203_exu_longpwbck.v(35)
VLG-002 : analyze verilog file C:/Users/DELL/Desktop/e203/e203egmini_new/src/e203_exu_oitf.v
VLG-340 : analyze included file C:/Users/DELL/Desktop/e203/e203egmini_new/src/e203_defines.v in C:/Users/DELL/Desktop/e203/e203egmini_new/src/e203_exu_oitf.v(34)
VLG-340 : analyze included file C:/Users/DELL/Desktop/e203/e203egmini_new/src/config.v in C:/Users/DELL/Desktop/e203/e203egmini_new/src/e203_defines.v(35)
VLG-1332 : back to file C:/Users/DELL/Desktop/e203/e203egmini_new/src/e203_defines.v in C:/Users/DELL/Desktop/e203/e203egmini_new/src/e203_defines.v(35)
VLG-1332 : back to file C:/Users/DELL/Desktop/e203/e203egmini_new/src/e203_exu_oitf.v in C:/Users/DELL/Desktop/e203/e203egmini_new/src/e203_exu_oitf.v(34)
VLG-002 : analyze verilog file C:/Users/DELL/Desktop/e203/e203egmini_new/src/e203_exu_regfile.v
VLG-340 : analyze included file C:/Users/DELL/Desktop/e203/e203egmini_new/src/e203_defines.v in C:/Users/DELL/Desktop/e203/e203egmini_new/src/e203_exu_regfile.v(33)
VLG-340 : analyze included file C:/Users/DELL/Desktop/e203/e203egmini_new/src/config.v in C:/Users/DELL/Desktop/e203/e203egmini_new/src/e203_defines.v(35)
VLG-1332 : back to file C:/Users/DELL/Desktop/e203/e203egmini_new/src/e203_defines.v in C:/Users/DELL/Desktop/e203/e203egmini_new/src/e203_defines.v(35)
VLG-1332 : back to file C:/Users/DELL/Desktop/e203/e203egmini_new/src/e203_exu_regfile.v in C:/Users/DELL/Desktop/e203/e203egmini_new/src/e203_exu_regfile.v(33)
VLG-002 : analyze verilog file C:/Users/DELL/Desktop/e203/e203egmini_new/src/e203_exu_wbck.v
VLG-340 : analyze included file C:/Users/DELL/Desktop/e203/e203egmini_new/src/e203_defines.v in C:/Users/DELL/Desktop/e203/e203egmini_new/src/e203_exu_wbck.v(35)
VLG-340 : analyze included file C:/Users/DELL/Desktop/e203/e203egmini_new/src/config.v in C:/Users/DELL/Desktop/e203/e203egmini_new/src/e203_defines.v(35)
VLG-1332 : back to file C:/Users/DELL/Desktop/e203/e203egmini_new/src/e203_defines.v in C:/Users/DELL/Desktop/e203/e203egmini_new/src/e203_defines.v(35)
VLG-1332 : back to file C:/Users/DELL/Desktop/e203/e203egmini_new/src/e203_exu_wbck.v in C:/Users/DELL/Desktop/e203/e203egmini_new/src/e203_exu_wbck.v(35)
VLG-002 : analyze verilog file C:/Users/DELL/Desktop/e203/e203egmini_new/src/e203_ifu.v
VLG-340 : analyze included file C:/Users/DELL/Desktop/e203/e203egmini_new/src/e203_defines.v in C:/Users/DELL/Desktop/e203/e203egmini_new/src/e203_ifu.v(34)
VLG-340 : analyze included file C:/Users/DELL/Desktop/e203/e203egmini_new/src/config.v in C:/Users/DELL/Desktop/e203/e203egmini_new/src/e203_defines.v(35)
VLG-1332 : back to file C:/Users/DELL/Desktop/e203/e203egmini_new/src/e203_defines.v in C:/Users/DELL/Desktop/e203/e203egmini_new/src/e203_defines.v(35)
VLG-1332 : back to file C:/Users/DELL/Desktop/e203/e203egmini_new/src/e203_ifu.v in C:/Users/DELL/Desktop/e203/e203egmini_new/src/e203_ifu.v(34)
VLG-002 : analyze verilog file C:/Users/DELL/Desktop/e203/e203egmini_new/src/e203_ifu_ifetch.v
VLG-340 : analyze included file C:/Users/DELL/Desktop/e203/e203egmini_new/src/e203_defines.v in C:/Users/DELL/Desktop/e203/e203egmini_new/src/e203_ifu_ifetch.v(34)
VLG-340 : analyze included file C:/Users/DELL/Desktop/e203/e203egmini_new/src/config.v in C:/Users/DELL/Desktop/e203/e203egmini_new/src/e203_defines.v(35)
VLG-1332 : back to file C:/Users/DELL/Desktop/e203/e203egmini_new/src/e203_defines.v in C:/Users/DELL/Desktop/e203/e203egmini_new/src/e203_defines.v(35)
VLG-1332 : back to file C:/Users/DELL/Desktop/e203/e203egmini_new/src/e203_ifu_ifetch.v in C:/Users/DELL/Desktop/e203/e203egmini_new/src/e203_ifu_ifetch.v(34)
VLG-002 : analyze verilog file C:/Users/DELL/Desktop/e203/e203egmini_new/src/e203_ifu_ift2icb.v
VLG-340 : analyze included file C:/Users/DELL/Desktop/e203/e203egmini_new/src/e203_defines.v in C:/Users/DELL/Desktop/e203/e203egmini_new/src/e203_ifu_ift2icb.v(35)
VLG-340 : analyze included file C:/Users/DELL/Desktop/e203/e203egmini_new/src/config.v in C:/Users/DELL/Desktop/e203/e203egmini_new/src/e203_defines.v(35)
VLG-1332 : back to file C:/Users/DELL/Desktop/e203/e203egmini_new/src/e203_defines.v in C:/Users/DELL/Desktop/e203/e203egmini_new/src/e203_defines.v(35)
VLG-1332 : back to file C:/Users/DELL/Desktop/e203/e203egmini_new/src/e203_ifu_ift2icb.v in C:/Users/DELL/Desktop/e203/e203egmini_new/src/e203_ifu_ift2icb.v(35)
VLG-002 : analyze verilog file C:/Users/DELL/Desktop/e203/e203egmini_new/src/e203_ifu_litebpu.v
VLG-340 : analyze included file C:/Users/DELL/Desktop/e203/e203egmini_new/src/e203_defines.v in C:/Users/DELL/Desktop/e203/e203egmini_new/src/e203_ifu_litebpu.v(33)
VLG-340 : analyze included file C:/Users/DELL/Desktop/e203/e203egmini_new/src/config.v in C:/Users/DELL/Desktop/e203/e203egmini_new/src/e203_defines.v(35)
VLG-1332 : back to file C:/Users/DELL/Desktop/e203/e203egmini_new/src/e203_defines.v in C:/Users/DELL/Desktop/e203/e203egmini_new/src/e203_defines.v(35)
VLG-1332 : back to file C:/Users/DELL/Desktop/e203/e203egmini_new/src/e203_ifu_litebpu.v in C:/Users/DELL/Desktop/e203/e203egmini_new/src/e203_ifu_litebpu.v(33)
VLG-002 : analyze verilog file C:/Users/DELL/Desktop/e203/e203egmini_new/src/e203_ifu_minidec.v
VLG-340 : analyze included file C:/Users/DELL/Desktop/e203/e203egmini_new/src/e203_defines.v in C:/Users/DELL/Desktop/e203/e203egmini_new/src/e203_ifu_minidec.v(33)
VLG-340 : analyze included file C:/Users/DELL/Desktop/e203/e203egmini_new/src/config.v in C:/Users/DELL/Desktop/e203/e203egmini_new/src/e203_defines.v(35)
VLG-1332 : back to file C:/Users/DELL/Desktop/e203/e203egmini_new/src/e203_defines.v in C:/Users/DELL/Desktop/e203/e203egmini_new/src/e203_defines.v(35)
VLG-1332 : back to file C:/Users/DELL/Desktop/e203/e203egmini_new/src/e203_ifu_minidec.v in C:/Users/DELL/Desktop/e203/e203egmini_new/src/e203_ifu_minidec.v(33)
VLG-002 : analyze verilog file C:/Users/DELL/Desktop/e203/e203egmini_new/src/e203_irq_sync.v
VLG-340 : analyze included file C:/Users/DELL/Desktop/e203/e203egmini_new/src/e203_defines.v in C:/Users/DELL/Desktop/e203/e203egmini_new/src/e203_irq_sync.v(34)
VLG-340 : analyze included file C:/Users/DELL/Desktop/e203/e203egmini_new/src/config.v in C:/Users/DELL/Desktop/e203/e203egmini_new/src/e203_defines.v(35)
VLG-1332 : back to file C:/Users/DELL/Desktop/e203/e203egmini_new/src/e203_defines.v in C:/Users/DELL/Desktop/e203/e203egmini_new/src/e203_defines.v(35)
VLG-1332 : back to file C:/Users/DELL/Desktop/e203/e203egmini_new/src/e203_irq_sync.v in C:/Users/DELL/Desktop/e203/e203egmini_new/src/e203_irq_sync.v(34)
VLG-002 : analyze verilog file C:/Users/DELL/Desktop/e203/e203egmini_new/src/e203_itcm_ctrl.v
VLG-340 : analyze included file C:/Users/DELL/Desktop/e203/e203egmini_new/src/e203_defines.v in C:/Users/DELL/Desktop/e203/e203egmini_new/src/e203_itcm_ctrl.v(34)
VLG-340 : analyze included file C:/Users/DELL/Desktop/e203/e203egmini_new/src/config.v in C:/Users/DELL/Desktop/e203/e203egmini_new/src/e203_defines.v(35)
VLG-1332 : back to file C:/Users/DELL/Desktop/e203/e203egmini_new/src/e203_defines.v in C:/Users/DELL/Desktop/e203/e203egmini_new/src/e203_defines.v(35)
VLG-1332 : back to file C:/Users/DELL/Desktop/e203/e203egmini_new/src/e203_itcm_ctrl.v in C:/Users/DELL/Desktop/e203/e203egmini_new/src/e203_itcm_ctrl.v(34)
VLG-002 : analyze verilog file C:/Users/DELL/Desktop/e203/e203egmini_new/src/e203_itcm_ram.v
VLG-340 : analyze included file C:/Users/DELL/Desktop/e203/e203egmini_new/src/e203_defines.v in C:/Users/DELL/Desktop/e203/e203egmini_new/src/e203_itcm_ram.v(34)
VLG-340 : analyze included file C:/Users/DELL/Desktop/e203/e203egmini_new/src/config.v in C:/Users/DELL/Desktop/e203/e203egmini_new/src/e203_defines.v(35)
VLG-1332 : back to file C:/Users/DELL/Desktop/e203/e203egmini_new/src/e203_defines.v in C:/Users/DELL/Desktop/e203/e203egmini_new/src/e203_defines.v(35)
VLG-1332 : back to file C:/Users/DELL/Desktop/e203/e203egmini_new/src/e203_itcm_ram.v in C:/Users/DELL/Desktop/e203/e203egmini_new/src/e203_itcm_ram.v(34)
VLG-002 : analyze verilog file C:/Users/DELL/Desktop/e203/e203egmini_new/src/e203_lsu.v
VLG-340 : analyze included file C:/Users/DELL/Desktop/e203/e203egmini_new/src/e203_defines.v in C:/Users/DELL/Desktop/e203/e203egmini_new/src/e203_lsu.v(33)
VLG-340 : analyze included file C:/Users/DELL/Desktop/e203/e203egmini_new/src/config.v in C:/Users/DELL/Desktop/e203/e203egmini_new/src/e203_defines.v(35)
VLG-1332 : back to file C:/Users/DELL/Desktop/e203/e203egmini_new/src/e203_defines.v in C:/Users/DELL/Desktop/e203/e203egmini_new/src/e203_defines.v(35)
VLG-1332 : back to file C:/Users/DELL/Desktop/e203/e203egmini_new/src/e203_lsu.v in C:/Users/DELL/Desktop/e203/e203egmini_new/src/e203_lsu.v(33)
VLG-002 : analyze verilog file C:/Users/DELL/Desktop/e203/e203egmini_new/src/e203_lsu_ctrl.v
VLG-340 : analyze included file C:/Users/DELL/Desktop/e203/e203egmini_new/src/e203_defines.v in C:/Users/DELL/Desktop/e203/e203egmini_new/src/e203_lsu_ctrl.v(33)
VLG-340 : analyze included file C:/Users/DELL/Desktop/e203/e203egmini_new/src/config.v in C:/Users/DELL/Desktop/e203/e203egmini_new/src/e203_defines.v(35)
VLG-1332 : back to file C:/Users/DELL/Desktop/e203/e203egmini_new/src/e203_defines.v in C:/Users/DELL/Desktop/e203/e203egmini_new/src/e203_defines.v(35)
VLG-1332 : back to file C:/Users/DELL/Desktop/e203/e203egmini_new/src/e203_lsu_ctrl.v in C:/Users/DELL/Desktop/e203/e203egmini_new/src/e203_lsu_ctrl.v(33)
VLG-002 : analyze verilog file C:/Users/DELL/Desktop/e203/e203egmini_new/src/e203_reset_ctrl.v
VLG-340 : analyze included file C:/Users/DELL/Desktop/e203/e203egmini_new/src/e203_defines.v in C:/Users/DELL/Desktop/e203/e203egmini_new/src/e203_reset_ctrl.v(34)
VLG-340 : analyze included file C:/Users/DELL/Desktop/e203/e203egmini_new/src/config.v in C:/Users/DELL/Desktop/e203/e203egmini_new/src/e203_defines.v(35)
VLG-1332 : back to file C:/Users/DELL/Desktop/e203/e203egmini_new/src/e203_defines.v in C:/Users/DELL/Desktop/e203/e203egmini_new/src/e203_defines.v(35)
VLG-1332 : back to file C:/Users/DELL/Desktop/e203/e203egmini_new/src/e203_reset_ctrl.v in C:/Users/DELL/Desktop/e203/e203egmini_new/src/e203_reset_ctrl.v(34)
VLG-002 : analyze verilog file C:/Users/DELL/Desktop/e203/e203egmini_new/src/e203_soc_top.v
VLG-002 : analyze verilog file C:/Users/DELL/Desktop/e203/e203egmini_new/src/e203_srams.v
VLG-340 : analyze included file C:/Users/DELL/Desktop/e203/e203egmini_new/src/e203_defines.v in C:/Users/DELL/Desktop/e203/e203egmini_new/src/e203_srams.v(35)
VLG-340 : analyze included file C:/Users/DELL/Desktop/e203/e203egmini_new/src/config.v in C:/Users/DELL/Desktop/e203/e203egmini_new/src/e203_defines.v(35)
VLG-1332 : back to file C:/Users/DELL/Desktop/e203/e203egmini_new/src/e203_defines.v in C:/Users/DELL/Desktop/e203/e203egmini_new/src/e203_defines.v(35)
VLG-1332 : back to file C:/Users/DELL/Desktop/e203/e203egmini_new/src/e203_srams.v in C:/Users/DELL/Desktop/e203/e203egmini_new/src/e203_srams.v(35)
VLG-002 : analyze verilog file C:/Users/DELL/Desktop/e203/e203egmini_new/src/e203_subsys_clint.v
VLG-340 : analyze included file C:/Users/DELL/Desktop/e203/e203egmini_new/src/e203_defines.v in C:/Users/DELL/Desktop/e203/e203egmini_new/src/e203_subsys_clint.v(35)
VLG-340 : analyze included file C:/Users/DELL/Desktop/e203/e203egmini_new/src/config.v in C:/Users/DELL/Desktop/e203/e203egmini_new/src/e203_defines.v(35)
VLG-1332 : back to file C:/Users/DELL/Desktop/e203/e203egmini_new/src/e203_defines.v in C:/Users/DELL/Desktop/e203/e203egmini_new/src/e203_defines.v(35)
VLG-1332 : back to file C:/Users/DELL/Desktop/e203/e203egmini_new/src/e203_subsys_clint.v in C:/Users/DELL/Desktop/e203/e203egmini_new/src/e203_subsys_clint.v(35)
VLG-002 : analyze verilog file C:/Users/DELL/Desktop/e203/e203egmini_new/src/e203_subsys_gfcm.v
VLG-340 : analyze included file C:/Users/DELL/Desktop/e203/e203egmini_new/src/e203_defines.v in C:/Users/DELL/Desktop/e203/e203egmini_new/src/e203_subsys_gfcm.v(35)
VLG-340 : analyze included file C:/Users/DELL/Desktop/e203/e203egmini_new/src/config.v in C:/Users/DELL/Desktop/e203/e203egmini_new/src/e203_defines.v(35)
VLG-1332 : back to file C:/Users/DELL/Desktop/e203/e203egmini_new/src/e203_defines.v in C:/Users/DELL/Desktop/e203/e203egmini_new/src/e203_defines.v(35)
VLG-1332 : back to file C:/Users/DELL/Desktop/e203/e203egmini_new/src/e203_subsys_gfcm.v in C:/Users/DELL/Desktop/e203/e203egmini_new/src/e203_subsys_gfcm.v(35)
VLG-002 : analyze verilog file C:/Users/DELL/Desktop/e203/e203egmini_new/src/e203_subsys_hclkgen.v
VLG-340 : analyze included file C:/Users/DELL/Desktop/e203/e203egmini_new/src/e203_defines.v in C:/Users/DELL/Desktop/e203/e203egmini_new/src/e203_subsys_hclkgen.v(35)
VLG-340 : analyze included file C:/Users/DELL/Desktop/e203/e203egmini_new/src/config.v in C:/Users/DELL/Desktop/e203/e203egmini_new/src/e203_defines.v(35)
VLG-1332 : back to file C:/Users/DELL/Desktop/e203/e203egmini_new/src/e203_defines.v in C:/Users/DELL/Desktop/e203/e203egmini_new/src/e203_defines.v(35)
VLG-1332 : back to file C:/Users/DELL/Desktop/e203/e203egmini_new/src/e203_subsys_hclkgen.v in C:/Users/DELL/Desktop/e203/e203egmini_new/src/e203_subsys_hclkgen.v(35)
VLG-002 : analyze verilog file C:/Users/DELL/Desktop/e203/e203egmini_new/src/e203_subsys_hclkgen_rstsync.v
VLG-340 : analyze included file C:/Users/DELL/Desktop/e203/e203egmini_new/src/e203_defines.v in C:/Users/DELL/Desktop/e203/e203egmini_new/src/e203_subsys_hclkgen_rstsync.v(34)
VLG-340 : analyze included file C:/Users/DELL/Desktop/e203/e203egmini_new/src/config.v in C:/Users/DELL/Desktop/e203/e203egmini_new/src/e203_defines.v(35)
VLG-1332 : back to file C:/Users/DELL/Desktop/e203/e203egmini_new/src/e203_defines.v in C:/Users/DELL/Desktop/e203/e203egmini_new/src/e203_defines.v(35)
VLG-1332 : back to file C:/Users/DELL/Desktop/e203/e203egmini_new/src/e203_subsys_hclkgen_rstsync.v in C:/Users/DELL/Desktop/e203/e203egmini_new/src/e203_subsys_hclkgen_rstsync.v(34)
VLG-002 : analyze verilog file C:/Users/DELL/Desktop/e203/e203egmini_new/src/e203_subsys_main.v
VLG-340 : analyze included file C:/Users/DELL/Desktop/e203/e203egmini_new/src/e203_defines.v in C:/Users/DELL/Desktop/e203/e203egmini_new/src/e203_subsys_main.v(36)
VLG-340 : analyze included file C:/Users/DELL/Desktop/e203/e203egmini_new/src/config.v in C:/Users/DELL/Desktop/e203/e203egmini_new/src/e203_defines.v(35)
VLG-1332 : back to file C:/Users/DELL/Desktop/e203/e203egmini_new/src/e203_defines.v in C:/Users/DELL/Desktop/e203/e203egmini_new/src/e203_defines.v(35)
VLG-1332 : back to file C:/Users/DELL/Desktop/e203/e203egmini_new/src/e203_subsys_main.v in C:/Users/DELL/Desktop/e203/e203egmini_new/src/e203_subsys_main.v(36)
VLG-002 : analyze verilog file C:/Users/DELL/Desktop/e203/e203egmini_new/src/e203_subsys_mems.v
VLG-340 : analyze included file C:/Users/DELL/Desktop/e203/e203egmini_new/src/e203_defines.v in C:/Users/DELL/Desktop/e203/e203egmini_new/src/e203_subsys_mems.v(36)
VLG-340 : analyze included file C:/Users/DELL/Desktop/e203/e203egmini_new/src/config.v in C:/Users/DELL/Desktop/e203/e203egmini_new/src/e203_defines.v(35)
VLG-1332 : back to file C:/Users/DELL/Desktop/e203/e203egmini_new/src/e203_defines.v in C:/Users/DELL/Desktop/e203/e203egmini_new/src/e203_defines.v(35)
VLG-1332 : back to file C:/Users/DELL/Desktop/e203/e203egmini_new/src/e203_subsys_mems.v in C:/Users/DELL/Desktop/e203/e203egmini_new/src/e203_subsys_mems.v(36)
VLG-002 : analyze verilog file C:/Users/DELL/Desktop/e203/e203egmini_new/src/e203_subsys_perips.v
VLG-340 : analyze included file C:/Users/DELL/Desktop/e203/e203egmini_new/src/e203_defines.v in C:/Users/DELL/Desktop/e203/e203egmini_new/src/e203_subsys_perips.v(35)
VLG-340 : analyze included file C:/Users/DELL/Desktop/e203/e203egmini_new/src/config.v in C:/Users/DELL/Desktop/e203/e203egmini_new/src/e203_defines.v(35)
VLG-1332 : back to file C:/Users/DELL/Desktop/e203/e203egmini_new/src/e203_defines.v in C:/Users/DELL/Desktop/e203/e203egmini_new/src/e203_defines.v(35)
VLG-1332 : back to file C:/Users/DELL/Desktop/e203/e203egmini_new/src/e203_subsys_perips.v in C:/Users/DELL/Desktop/e203/e203egmini_new/src/e203_subsys_perips.v(35)
VLG-002 : analyze verilog file C:/Users/DELL/Desktop/e203/e203egmini_new/src/e203_subsys_plic.v
VLG-340 : analyze included file C:/Users/DELL/Desktop/e203/e203egmini_new/src/e203_defines.v in C:/Users/DELL/Desktop/e203/e203egmini_new/src/e203_subsys_plic.v(36)
VLG-340 : analyze included file C:/Users/DELL/Desktop/e203/e203egmini_new/src/config.v in C:/Users/DELL/Desktop/e203/e203egmini_new/src/e203_defines.v(35)
VLG-1332 : back to file C:/Users/DELL/Desktop/e203/e203egmini_new/src/e203_defines.v in C:/Users/DELL/Desktop/e203/e203egmini_new/src/e203_defines.v(35)
VLG-1332 : back to file C:/Users/DELL/Desktop/e203/e203egmini_new/src/e203_subsys_plic.v in C:/Users/DELL/Desktop/e203/e203egmini_new/src/e203_subsys_plic.v(36)
VLG-002 : analyze verilog file C:/Users/DELL/Desktop/e203/e203egmini_new/src/e203_subsys_pll.v
VLG-340 : analyze included file C:/Users/DELL/Desktop/e203/e203egmini_new/src/e203_defines.v in C:/Users/DELL/Desktop/e203/e203egmini_new/src/e203_subsys_pll.v(35)
VLG-340 : analyze included file C:/Users/DELL/Desktop/e203/e203egmini_new/src/config.v in C:/Users/DELL/Desktop/e203/e203egmini_new/src/e203_defines.v(35)
VLG-1332 : back to file C:/Users/DELL/Desktop/e203/e203egmini_new/src/e203_defines.v in C:/Users/DELL/Desktop/e203/e203egmini_new/src/e203_defines.v(35)
VLG-1332 : back to file C:/Users/DELL/Desktop/e203/e203egmini_new/src/e203_subsys_pll.v in C:/Users/DELL/Desktop/e203/e203egmini_new/src/e203_subsys_pll.v(35)
VLG-002 : analyze verilog file C:/Users/DELL/Desktop/e203/e203egmini_new/src/e203_subsys_pllclkdiv.v
VLG-340 : analyze included file C:/Users/DELL/Desktop/e203/e203egmini_new/src/e203_defines.v in C:/Users/DELL/Desktop/e203/e203egmini_new/src/e203_subsys_pllclkdiv.v(35)
VLG-340 : analyze included file C:/Users/DELL/Desktop/e203/e203egmini_new/src/config.v in C:/Users/DELL/Desktop/e203/e203egmini_new/src/e203_defines.v(35)
VLG-1332 : back to file C:/Users/DELL/Desktop/e203/e203egmini_new/src/e203_defines.v in C:/Users/DELL/Desktop/e203/e203egmini_new/src/e203_defines.v(35)
VLG-1332 : back to file C:/Users/DELL/Desktop/e203/e203egmini_new/src/e203_subsys_pllclkdiv.v in C:/Users/DELL/Desktop/e203/e203egmini_new/src/e203_subsys_pllclkdiv.v(35)
VLG-002 : analyze verilog file C:/Users/DELL/Desktop/e203/e203egmini_new/src/e203_subsys_top.v
VLG-340 : analyze included file C:/Users/DELL/Desktop/e203/e203egmini_new/src/e203_defines.v in C:/Users/DELL/Desktop/e203/e203egmini_new/src/e203_subsys_top.v(36)
VLG-340 : analyze included file C:/Users/DELL/Desktop/e203/e203egmini_new/src/config.v in C:/Users/DELL/Desktop/e203/e203egmini_new/src/e203_defines.v(35)
VLG-1332 : back to file C:/Users/DELL/Desktop/e203/e203egmini_new/src/e203_defines.v in C:/Users/DELL/Desktop/e203/e203egmini_new/src/e203_defines.v(35)
VLG-1332 : back to file C:/Users/DELL/Desktop/e203/e203egmini_new/src/e203_subsys_top.v in C:/Users/DELL/Desktop/e203/e203egmini_new/src/e203_subsys_top.v(36)
VLG-002 : analyze verilog file C:/Users/DELL/Desktop/e203/e203egmini_new/src/i2c_master_bit_ctrl.v
VLG-340 : analyze included file C:/Users/DELL/Desktop/e203/e203egmini_new/src/i2c_master_defines.v in C:/Users/DELL/Desktop/e203/e203egmini_new/src/i2c_master_bit_ctrl.v(145)
VLG-1332 : back to file C:/Users/DELL/Desktop/e203/e203egmini_new/src/i2c_master_bit_ctrl.v in C:/Users/DELL/Desktop/e203/e203egmini_new/src/i2c_master_bit_ctrl.v(145)
VLG-002 : analyze verilog file C:/Users/DELL/Desktop/e203/e203egmini_new/src/i2c_master_byte_ctrl.v
VLG-340 : analyze included file C:/Users/DELL/Desktop/e203/e203egmini_new/src/i2c_master_defines.v in C:/Users/DELL/Desktop/e203/e203egmini_new/src/i2c_master_byte_ctrl.v(91)
VLG-1332 : back to file C:/Users/DELL/Desktop/e203/e203egmini_new/src/i2c_master_byte_ctrl.v in C:/Users/DELL/Desktop/e203/e203egmini_new/src/i2c_master_byte_ctrl.v(91)
VLG-002 : analyze verilog file C:/Users/DELL/Desktop/e203/e203egmini_new/src/i2c_master_top.v
VLG-340 : analyze included file C:/Users/DELL/Desktop/e203/e203egmini_new/src/i2c_master_defines.v in C:/Users/DELL/Desktop/e203/e203egmini_new/src/i2c_master_top.v(95)
VLG-1332 : back to file C:/Users/DELL/Desktop/e203/e203egmini_new/src/i2c_master_top.v in C:/Users/DELL/Desktop/e203/e203egmini_new/src/i2c_master_top.v(95)
VLG-002 : analyze verilog file C:/Users/DELL/Desktop/e203/e203egmini_new/src/iobuf.v
VLG-002 : analyze verilog file C:/Users/DELL/Desktop/e203/e203egmini_new/src/reset_sys.v
VLG-002 : analyze verilog file C:/Users/DELL/Desktop/e203/e203egmini_new/src/sirv_1cyc_sram_ctrl.v
VLG-002 : analyze verilog file C:/Users/DELL/Desktop/e203/e203egmini_new/src/sirv_aon.v
VLG-002 : analyze verilog file C:/Users/DELL/Desktop/e203/e203egmini_new/src/sirv_aon_lclkgen_regs.v
VLG-002 : analyze verilog file C:/Users/DELL/Desktop/e203/e203egmini_new/src/sirv_aon_porrst.v
VLG-002 : analyze verilog file C:/Users/DELL/Desktop/e203/e203egmini_new/src/sirv_aon_top.v
VLG-002 : analyze verilog file C:/Users/DELL/Desktop/e203/e203egmini_new/src/sirv_aon_wrapper.v
VLG-002 : analyze verilog file C:/Users/DELL/Desktop/e203/e203egmini_new/src/sirv_AsyncResetReg.v
VLG-002 : analyze verilog file C:/Users/DELL/Desktop/e203/e203egmini_new/src/sirv_AsyncResetRegVec.v
VLG-002 : analyze verilog file C:/Users/DELL/Desktop/e203/e203egmini_new/src/sirv_AsyncResetRegVec_1.v
VLG-002 : analyze verilog file C:/Users/DELL/Desktop/e203/e203egmini_new/src/sirv_AsyncResetRegVec_36.v
VLG-002 : analyze verilog file C:/Users/DELL/Desktop/e203/e203egmini_new/src/sirv_AsyncResetRegVec_67.v
VLG-002 : analyze verilog file C:/Users/DELL/Desktop/e203/e203egmini_new/src/sirv_AsyncResetRegVec_129.v
VLG-002 : analyze verilog file C:/Users/DELL/Desktop/e203/e203egmini_new/src/sirv_clint.v
VLG-002 : analyze verilog file C:/Users/DELL/Desktop/e203/e203egmini_new/src/sirv_clint_top.v
VLG-002 : analyze verilog file C:/Users/DELL/Desktop/e203/e203egmini_new/src/sirv_debug_csr.v
VLG-340 : analyze included file C:/Users/DELL/Desktop/e203/e203egmini_new/src/e203_defines.v in C:/Users/DELL/Desktop/e203/e203egmini_new/src/sirv_debug_csr.v(34)
VLG-340 : analyze included file C:/Users/DELL/Desktop/e203/e203egmini_new/src/config.v in C:/Users/DELL/Desktop/e203/e203egmini_new/src/e203_defines.v(35)
VLG-1332 : back to file C:/Users/DELL/Desktop/e203/e203egmini_new/src/e203_defines.v in C:/Users/DELL/Desktop/e203/e203egmini_new/src/e203_defines.v(35)
VLG-1332 : back to file C:/Users/DELL/Desktop/e203/e203egmini_new/src/sirv_debug_csr.v in C:/Users/DELL/Desktop/e203/e203egmini_new/src/sirv_debug_csr.v(34)
VLG-002 : analyze verilog file C:/Users/DELL/Desktop/e203/e203egmini_new/src/sirv_debug_module.v
VLG-340 : analyze included file C:/Users/DELL/Desktop/e203/e203egmini_new/src/e203_defines.v in C:/Users/DELL/Desktop/e203/e203egmini_new/src/sirv_debug_module.v(35)
VLG-340 : analyze included file C:/Users/DELL/Desktop/e203/e203egmini_new/src/config.v in C:/Users/DELL/Desktop/e203/e203egmini_new/src/e203_defines.v(35)
VLG-1332 : back to file C:/Users/DELL/Desktop/e203/e203egmini_new/src/e203_defines.v in C:/Users/DELL/Desktop/e203/e203egmini_new/src/e203_defines.v(35)
VLG-1332 : back to file C:/Users/DELL/Desktop/e203/e203egmini_new/src/sirv_debug_module.v in C:/Users/DELL/Desktop/e203/e203egmini_new/src/sirv_debug_module.v(35)
VLG-002 : analyze verilog file C:/Users/DELL/Desktop/e203/e203egmini_new/src/sirv_debug_ram.v
VLG-002 : analyze verilog file C:/Users/DELL/Desktop/e203/e203egmini_new/src/sirv_debug_rom.v
VLG-002 : analyze verilog file C:/Users/DELL/Desktop/e203/e203egmini_new/src/sirv_DeglitchShiftRegister.v
VLG-002 : analyze verilog file C:/Users/DELL/Desktop/e203/e203egmini_new/src/sirv_expl_apb_slv.v
VLG-002 : analyze verilog file C:/Users/DELL/Desktop/e203/e203egmini_new/src/sirv_expl_axi_slv.v
VLG-002 : analyze verilog file C:/Users/DELL/Desktop/e203/e203egmini_new/src/sirv_flash_qspi.v
VLG-002 : analyze verilog file C:/Users/DELL/Desktop/e203/e203egmini_new/src/sirv_flash_qspi_top.v
VLG-002 : analyze verilog file C:/Users/DELL/Desktop/e203/e203egmini_new/src/sirv_gnrl_bufs.v
VLG-002 : analyze verilog file C:/Users/DELL/Desktop/e203/e203egmini_new/src/sirv_gnrl_dffs.v
VLG-002 : analyze verilog file C:/Users/DELL/Desktop/e203/e203egmini_new/src/sirv_gnrl_icbs.v
VLG-002 : analyze verilog file C:/Users/DELL/Desktop/e203/e203egmini_new/src/sirv_gnrl_ram.v
VLG-002 : analyze verilog file C:/Users/DELL/Desktop/e203/e203egmini_new/src/sirv_gnrl_xchecker.v
VLG-002 : analyze verilog file C:/Users/DELL/Desktop/e203/e203egmini_new/src/sirv_gpio.v
VLG-002 : analyze verilog file C:/Users/DELL/Desktop/e203/e203egmini_new/src/sirv_gpio_top.v
VLG-002 : analyze verilog file C:/Users/DELL/Desktop/e203/e203egmini_new/src/sirv_hclkgen_regs.v
VLG-002 : analyze verilog file C:/Users/DELL/Desktop/e203/e203egmini_new/src/sirv_icb1to2_bus.v
VLG-002 : analyze verilog file C:/Users/DELL/Desktop/e203/e203egmini_new/src/sirv_icb1to8_bus.v
VLG-002 : analyze verilog file C:/Users/DELL/Desktop/e203/e203egmini_new/src/sirv_icb1to16_bus.v
VLG-002 : analyze verilog file C:/Users/DELL/Desktop/e203/e203egmini_new/src/sirv_jtag_dtm.v
VLG-002 : analyze verilog file C:/Users/DELL/Desktop/e203/e203egmini_new/src/sirv_jtaggpioport.v
VLG-002 : analyze verilog file C:/Users/DELL/Desktop/e203/e203egmini_new/src/sirv_LevelGateway.v
VLG-002 : analyze verilog file C:/Users/DELL/Desktop/e203/e203egmini_new/src/sirv_mrom.v
VLG-002 : analyze verilog file C:/Users/DELL/Desktop/e203/e203egmini_new/src/sirv_mrom_top.v
VLG-002 : analyze verilog file C:/Users/DELL/Desktop/e203/e203egmini_new/src/sirv_otp_top.v
VLG-002 : analyze verilog file C:/Users/DELL/Desktop/e203/e203egmini_new/src/sirv_plic_man.v
VLG-002 : analyze verilog file C:/Users/DELL/Desktop/e203/e203egmini_new/src/sirv_plic_top.v
VLG-002 : analyze verilog file C:/Users/DELL/Desktop/e203/e203egmini_new/src/sirv_pmu.v
VLG-002 : analyze verilog file C:/Users/DELL/Desktop/e203/e203egmini_new/src/sirv_pmu_core.v
VLG-002 : analyze verilog file C:/Users/DELL/Desktop/e203/e203egmini_new/src/sirv_pwm8.v
VLG-002 : analyze verilog file C:/Users/DELL/Desktop/e203/e203egmini_new/src/sirv_pwm8_core.v
VLG-002 : analyze verilog file C:/Users/DELL/Desktop/e203/e203egmini_new/src/sirv_pwm8_top.v
VLG-002 : analyze verilog file C:/Users/DELL/Desktop/e203/e203egmini_new/src/sirv_pwm16.v
VLG-002 : analyze verilog file C:/Users/DELL/Desktop/e203/e203egmini_new/src/sirv_pwm16_core.v
VLG-002 : analyze verilog file C:/Users/DELL/Desktop/e203/e203egmini_new/src/sirv_pwm16_top.v
VLG-002 : analyze verilog file C:/Users/DELL/Desktop/e203/e203egmini_new/src/sirv_pwmgpioport.v
VLG-002 : analyze verilog file C:/Users/DELL/Desktop/e203/e203egmini_new/src/sirv_qspi_1cs.v
VLG-002 : analyze verilog file C:/Users/DELL/Desktop/e203/e203egmini_new/src/sirv_qspi_1cs_top.v
VLG-002 : analyze verilog file C:/Users/DELL/Desktop/e203/e203egmini_new/src/sirv_qspi_4cs.v
VLG-002 : analyze verilog file C:/Users/DELL/Desktop/e203/e203egmini_new/src/sirv_qspi_4cs_top.v
VLG-002 : analyze verilog file C:/Users/DELL/Desktop/e203/e203egmini_new/src/sirv_qspi_arbiter.v
VLG-002 : analyze verilog file C:/Users/DELL/Desktop/e203/e203egmini_new/src/sirv_qspi_fifo.v
VLG-002 : analyze verilog file C:/Users/DELL/Desktop/e203/e203egmini_new/src/sirv_qspi_media.v
VLG-002 : analyze verilog file C:/Users/DELL/Desktop/e203/e203egmini_new/src/sirv_qspi_media_1.v
VLG-002 : analyze verilog file C:/Users/DELL/Desktop/e203/e203egmini_new/src/sirv_qspi_media_2.v
VLG-002 : analyze verilog file C:/Users/DELL/Desktop/e203/e203egmini_new/src/sirv_qspi_physical.v
VLG-002 : analyze verilog file C:/Users/DELL/Desktop/e203/e203egmini_new/src/sirv_qspi_physical_1.v
VLG-002 : analyze verilog file C:/Users/DELL/Desktop/e203/e203egmini_new/src/sirv_qspi_physical_2.v
VLG-002 : analyze verilog file C:/Users/DELL/Desktop/e203/e203egmini_new/src/sirv_queue.v
VLG-002 : analyze verilog file C:/Users/DELL/Desktop/e203/e203egmini_new/src/sirv_queue_1.v
VLG-002 : analyze verilog file C:/Users/DELL/Desktop/e203/e203egmini_new/src/sirv_repeater_6.v
VLG-002 : analyze verilog file C:/Users/DELL/Desktop/e203/e203egmini_new/src/sirv_ResetCatchAndSync.v
VLG-002 : analyze verilog file C:/Users/DELL/Desktop/e203/e203egmini_new/src/sirv_ResetCatchAndSync_2.v
VLG-002 : analyze verilog file C:/Users/DELL/Desktop/e203/e203egmini_new/src/sirv_rtc.v
VLG-002 : analyze verilog file C:/Users/DELL/Desktop/e203/e203egmini_new/src/sirv_sim_ram.v
VLG-002 : analyze verilog file C:/Users/DELL/Desktop/e203/e203egmini_new/src/sirv_spi_flashmap.v
VLG-002 : analyze verilog file C:/Users/DELL/Desktop/e203/e203egmini_new/src/sirv_spigpioport.v
VLG-002 : analyze verilog file C:/Users/DELL/Desktop/e203/e203egmini_new/src/sirv_spigpioport_1.v
VLG-002 : analyze verilog file C:/Users/DELL/Desktop/e203/e203egmini_new/src/sirv_spigpioport_2.v
VLG-002 : analyze verilog file C:/Users/DELL/Desktop/e203/e203egmini_new/src/sirv_sram_icb_ctrl.v
VLG-002 : analyze verilog file C:/Users/DELL/Desktop/e203/e203egmini_new/src/sirv_tl_repeater_5.v
VLG-002 : analyze verilog file C:/Users/DELL/Desktop/e203/e203egmini_new/src/sirv_tlfragmenter_qspi_1.v
VLG-002 : analyze verilog file C:/Users/DELL/Desktop/e203/e203egmini_new/src/sirv_tlwidthwidget_qspi.v
VLG-002 : analyze verilog file C:/Users/DELL/Desktop/e203/e203egmini_new/src/sirv_uart.v
VLG-002 : analyze verilog file C:/Users/DELL/Desktop/e203/e203egmini_new/src/sirv_uart_top.v
VLG-002 : analyze verilog file C:/Users/DELL/Desktop/e203/e203egmini_new/src/sirv_uartgpioport.v
VLG-002 : analyze verilog file C:/Users/DELL/Desktop/e203/e203egmini_new/src/sirv_uartrx.v
VLG-002 : analyze verilog file C:/Users/DELL/Desktop/e203/e203egmini_new/src/sirv_uarttx.v
VLG-002 : analyze verilog file C:/Users/DELL/Desktop/e203/e203egmini_new/src/sirv_wdog.v
VLG-002 : analyze verilog file C:/Users/DELL/Desktop/e203/e203egmini_new/src/system.v
VLG-002 : analyze verilog file C:/Users/DELL/Desktop/e203/e203egmini_new/project/al_ip/bram.v
VLG-002 : analyze verilog file C:/Users/DELL/Desktop/e203/e203egmini_new/project/al_ip/pll.v
VLG-002 : analyze verilog file C:/Users/DELL/Desktop/e203/e203egmini_new/src/clkdivider.v
VLG-002 : analyze verilog file C:/Users/DELL/Desktop/e203/e203egmini_new/project/al_ip/bram_32.v
VLG-002 : analyze verilog file C:/Users/DELL/Desktop/e203/e203egmini_new/src/e203_exu.v
VLG-340 : analyze included file C:/Users/DELL/Desktop/e203/e203egmini_new/src/e203_defines.v in C:/Users/DELL/Desktop/e203/e203egmini_new/src/e203_exu.v(34)
VLG-340 : analyze included file C:/Users/DELL/Desktop/e203/e203egmini_new/src/config.v in C:/Users/DELL/Desktop/e203/e203egmini_new/src/e203_defines.v(35)
VLG-1332 : back to file C:/Users/DELL/Desktop/e203/e203egmini_new/src/e203_defines.v in C:/Users/DELL/Desktop/e203/e203egmini_new/src/e203_defines.v(35)
VLG-1332 : back to file C:/Users/DELL/Desktop/e203/e203egmini_new/src/e203_exu.v in C:/Users/DELL/Desktop/e203/e203egmini_new/src/e203_exu.v(34)
VLG-218 WARNING: overwrite current module module in C:/Users/DELL/Desktop/e203/e203egmini_new/src/e203_exu.v(911)
VLG-1154 : previous definition of module e203_exu is here in C:/Users/DELL/Desktop/e203/e203egmini_new/src/e203_exu.v(911)
