============================================================
   Tang Dynasty, V4.0.972
   Copyright:   Shanghai Anlogic Infotech Co., Ltd.
                2011 - 2021
   Executable = D:/TD/TD_new/bin/td.exe
   Built at =   11:31:39 Jan  8 2018
   Run by =     DELL
   Run Date =   Mon Jan 15 18:01:36 2018

   Run on =     DELL-PC
============================================================
CMD-004 : start command "import_device eagle_20.db -package BGA256X -basic"
CMD-004 : start command "read_verilog -file C:/Users/DELL/Desktop/e203egmini_new/project/al_ip/pll.v"
VLG-002 : analyze verilog file C:/Users/DELL/Desktop/e203egmini_new/project/al_ip/pll.v
VLG-004 : elaborate module pll in C:/Users/DELL/Desktop/e203egmini_new/project/al_ip/pll.v(23)
VLG-004 : elaborate module EG_LOGIC_BUFG in D:/TD/TD_new/arch/eagle_macro.v(8)
VLG-004 : elaborate module EG_PHY_PLL(FIN="25.000",REFCLK_DIV=3,CLKC0_DIV=120,CLKC1_DIV=63,CLKC0_ENABLE="ENABLE",CLKC1_ENABLE="ENABLE",FEEDBK_PATH="CLKC0_EXT",CLKC0_CPHASE=120,CLKC1_CPHASE=63,GMC_GAIN=6,ICP_CURRENT=3,KVCO=6,LPF_RESISTOR=2) in D:/TD/TD_new/arch/eagle_macro.v(817)
RTL-100 : Current top model is pll
RAM-300 : Inferred 0 RAMs.
CMD-004 : start command "optimize_rtl"
RUN-001 : Open license file D:/TD/TD_new/license/Anlogic.lic
SNT-300 : SanityCheck: Model "pll"
FLT-300 : Flatten model pll
OPT-300 : Optimize round 1
RTL-100 : 8/0 useful/useless nets, 3/0 useful/useless insts
MUX-301 : Optimized 0 mux instances.
OPT-301 : Optimize round 1, 0 better
CMD-004 : start command "map_macro -nopad"
GAT-100 : Processed 0 LOGIC_BUF instances.
GAT-100 : 1 BUFG to GCLK
RTL-100 : Optimize round 1
RTL-100 : 8/1 useful/useless nets, 4/1 useful/useless insts
RTL-100 : Optimize round 1, 0 better
RTL-100 : 8/1 useful/useless nets, 4/1 useful/useless insts
CMD-004 : start command "write_verilog C:/Users/DELL/Desktop/e203egmini_new/project/al_ip/pll_sim.v"
RTL-100 : write out verilog file C:/Users/DELL/Desktop/e203egmini_new/project/al_ip/pll_sim.v
